: UpdaterIsEnabled.
2020-07-28T01:06:22: Updater has never been run on the machine.
2020-07-28T01:06:22: StartupUtility : Window is NOT Elapsed.
2020-07-28T01:06:22: <<< Adobe Updater Log End <<<


2020-07-28T10:31:13: >>> Adobe Updater Log Begin >>>
2020-07-28T10:31:13: Application Version: 6.0.0.67
2020-07-28T10:31:13: cmdline option: -logFile = C:\Users\Jay\AppData\Local\Adobe\AAMUpdater\1.0\aamul.log
2020-07-28T10:31:13: cmdline option: -logLevel = 2
2020-07-28T10:31:13: StartupUtility : Loaded at startup/logon.
2020-07-28T10:31:13: UCIsUpdaterEnabled : UpdaterIsEnabled.
2020-07-28T10:31:13: Updater has never been run on the machine.
2020-07-28T10:31:13: StartupUtility : Window is NOT Elapsed.
2020-07-28T10:31:13: <<< Adobe Updater Log End <<<


2020-07-29T00:27:27: >>> Adobe Updater Log Begin >>>
2020-07-29T00:27:27: Application Version: 6.0.0.67
2020-07-29T00:27:27: cmdline option: -logFile = C:\Users\Jay\AppData\Local\Adobe\AAMUpdater\1.0\aamul.log
2020-07-29T00:27:27: cmdline option: -logLevel = 2
2020-07-29T00:27:27: StartupUtility : Loaded at startup/logon.
2020-07-29T00:27:27: UCIsUpdaterEnabled : UpdaterIsEnabled.
2020-07-29T00:27:27: Updater has never been run on the machine.
2020-07-29T00:27:27: StartupUtility : Window is NOT Elapsed.
2020-07-29T00:27:27: <<< Adobe Updater Log End <<<


2020-07-30T00:28:50: >>> Adobe Updater Log Begin >>>
2020-07-30T00:28:50: Application Version: 6.0.0.67
2020-07-30T00:28:50: cmdline option: -logFile = C:\Users\Jay\AppData\Local\Adobe\AAMUpdater\1.0\aamul.log
2020-07-30T00:28:50: cmdline option: -logLevel = 2
2020-07-30T00:28:50: StartupUtility : Loaded at startup/logon.
2020-07-30T00:28:50: UCIsUpdaterEnabled : UpdaterIsEnabled.
2020-07-30T00:28:50: Updater has never been run on the machine.
2020-07-30T00:28:50: StartupUtility : Window is NOT Elapsed.
2020-07-30T00:28:50: <<< Adobe Updater Log End <<<


2020-07-31T00:26:37: >>> Adobe Updater Log Begin >>>
2020-07-31T00:26:37: Application Version: 6.0.0.67
2020-07-31T00:26:37: cmdline option: -logFile = C:\Users\Jay\AppData\Local\Adobe\AAMUpdater\1.0\aamul.log
2020-07-31T00:26:37: cmdline option: -logLevel = 2
2020-07-31T00:26:37: StartupUtility : Loaded at startup/logon.
2020-07-31T00:26:37: UCIsUpdaterEnabled : UpdaterIsEnabled.
2020-07-31T00:26:37: Updater has never been run on the machine.
2020-07-31T00:26:37: StartupUtility : Window is NOT Elapsed.
2020-07-31T00:26:37: <<< Adobe Updater Log End <<<


2020-08-01T02:47:04: >>> Adobe Updater Log Begin >>>
2020-08-01T02:47:04: Application Version: 6.0.0.67
2020-08-01T02:47:04: cmdline option: -logFile = C:\Users\Jay\AppData\Local\Adobe\AAMUpdater\1.0\aamul.log
2020-08-01T02:47:04: cmdline option: -logLevel = 2
2020-08-01T02:47:04: StartupUtility : Loaded at startup/logon.
2020-08-01T02:47:04: UCIsUpdaterEnabled : UpdaterIsEnabled.
2020-08-01T02:47:04: Updater has never been run on the machine.
2020-08-01T02:47:04: StartupUtility : Window is NOT Elapsed.
2020-08-01T02:47:04: <<< Adobe Updater Log End <<<


2020-08-02T04:24:22: >>> Adobe Updater Log Begin >>>
2020-08-02T04:24:22: Application Version: 6.0.0.67
2020-08-02T04:24:22: cmdline option: -logFile = C:\Users\Jay\AppData\Local\Adobe\AAMUpdater\1.0\aamul.log
2020-08-02T04:24:22: cmdline option: -logLevel = 2
2020-08-02T04:24:22: StartupUtility : Loaded at startup/logon.
2020-08-02T04:24:22: UCIsUpdaterEnabled : UpdaterIsEnabled.
2020-08-02T04:24:22: Updater has never been run on the machine.
2020-08-02T04:24:22: StartupUtility : Window is NOT Elapsed.
2020-08-02T04:24:22: <<< Adobe Updater Log End <<<


2020-08-03T01:11:38: >>> Adobe Updater Log Begin >>>
2020-08-03T01:11:38: Application Version: 6.0.0.67
2020-08-03T01:11:38: cmdline option: -logFile = C:\Users\Jay\AppData\Local\Adobe\AAMUpdater\1.0\aamul.log
2020-08-03T01:11:38: cmdline option: -logLevel = 2
2020-08-03T01:11:38: StartupUtility : Loaded at startup/logon.
2020-08-03T01:11:38: UCIsUpdaterEnabled : UpdaterIsEnabled.
2020-08-03T01:11:38: Updater has never been run on the machine.
2020-08-03T01:11:38: StartupUtility : Window is NOT Elapsed.
2020-08-03T01:11:38: <<< Adobe Updater Log End <<<


2020-08-04T00:35:36: >>> Adobe Updater Log Begin >>>
2020-08-04T00:35:36: Application Version: 6.0.0.67
2020-08-04T00:35:36: cmdline option: -logFile = C:\Users\Jay\AppData\Local\Adobe\AAMUpdater\1.0\aamul.log
2020-08-04T00:35:36: cmdline option: -logLevel = 2
2020-08-04T00:35:36: StartupUtility : Loaded at startup/logon.
2020-08-04T00:35:36: UCIsUpdaterEnabled : UpdaterIsEnabled.
2020-08-04T00:35:36: Updater has never been run on the machine.
2020-08-04T00:35:36: StartupUtility : Window is NOT Elapsed.
2020-08-04T00:35:36: <<< Adobe Updater Log End <<<


2020-08-05T00:36:52: >>> Adobe Updater Log Begin >>>
2020-08-05T00:36:52: Application Version: 6.0.0.67
2020-08-05T00:36:52: cmdline option: -logFile = C:\Users\Jay\AppData\Local\Adobe\AAMUpdater\1.0\aamul.log
2020-08-05T00:36:52: cmdline option: -logLevel = 2
2020-08-05T00:36:52: StartupUtility : Loaded at startup/logon.
2020-08-05T00:36:52: UCIsUpdaterEnabled : UpdaterIsEnabled.
2020-08-05T00:36:52: Updater has never been run on the machine.
2020-08-05T00:36:52: StartupUtility : Window is NOT Elapsed.
2020-08-05T00:36:52: <<< Adobe Updater Log End <<<


2020-08-06T00:50:31: >>> Adobe Updater Log Begin >>>
2020-08-06T00:50:31: Application Version: 6.0.0.67
2020-08-06T00:50:32: cmdline option: -logFile = C:\Users\Jay\AppData\Local\Adobe\AAMUpdater\1.0\aamul.log
2020-08-06T00:50:32: cmdline option: -logLevel = 2
2020-08-06T00:50:32: StartupUtility : Loaded at startup/logon.
2020-08-06T00:50:32: UCIsUpdaterEnabled : UpdaterIsEnabled.
2020-08-06T00:50:32: Updater has never been run on the machine.
2020-08-06T00:50:32: StartupUtility : Window is NOT Elapsed.
2020-08-06T00:50:32: <<< Adobe Updater Log End <<<


2020-08-07T00:32:30: >>> Adobe Updater Log Begin >>>
2020-08-07T00:32:30: Application Version: 6.0.0.67
2020-08-07T00:32:30: cmdline option: -logFile = C:\Users\Jay\AppData\Local\Adobe\AAMUpdater\1.0\aamul.log
2020-08-07T00:32:30: cmdline option: -logLevel = 2
2020-08-07T00:32:30: StartupUtility : Loaded at startup/logon.
2020-08-07T00:32:30: UCIsUpdaterEnabled : UpdaterIsEnabled.
2020-08-07T00:32:30: Updater has never been run on the machine.
2020-08-07T00:32:30: StartupUtility : Window is NOT Elapsed.
2020-08-07T00:32:30: <<< Adobe Updater Log End <<<


2020-08-09T03:51:44: >>> Adobe Updater Log Begin >>>
2020-08-09T03:51:44: Application Version: 6.0.0.67
2020-08-09T03:51:44: cmdline option: -logFile = C:\Users\Jay\AppData\Local\Adobe\AAMUpdater\1.0\aamul.log
2020-08-09T03:51:44: cmdline option: -logLevel = 2
2020-08-09T03:51:44: StartupUtility : Loaded at startup/logon.
2020-08-09T03:51:44: UCIsUpdaterEnabled : UpdaterIsEnabled.
2020-08-09T03:51:44: Updater has never been run on the machine.
2020-08-09T03:51:44: StartupUtility : Window is NOT Elapsed.
2020-08-09T03:51:44: <<< Adobe Updater Log End <<<


2020-08-10T00:30:31: >>> Adobe Updater Log Begin >>>
2020-08-10T00:30:31: Application Version: 6.0.0.67
2020-08-10T00:30:31: cmdline option: -logFile = C:\Users\Jay\AppData\Local\Adobe\AAMUpdater\1.0\aamul.log
2020-08-10T00:30:31: cmdline option: -logLevel = 2
2020-08-10T00:30:31: StartupUtility : Loaded at startup/logon.
2020-08-10T00:30:31: UCIsUpdaterEnabled : UpdaterIsEnabled.
2020-08-10T00:30:31: Updater has never been run on the machine.
2020-08-10T00:30:31: StartupUtility : Window is NOT Elapsed.
2020-08-10T00:30:31: <<< Adobe Updater Log End <<<


2020-08-11T01:51:25: >>> Adobe Updater Log Begin >>>
2020-08-11T01:51:25: Application Version: 6.0.0.67
2020-08-11T01:51:26: cmdline option: -logFile = C:\Users\Jay\AppData\Local\Adobe\AAMUpdater\1.0\aamul.log
2020-08-11T01:51:26: cmdline option: -logLevel = 2
2020-08-11T01:51:26: StartupUtility : Loaded at startup/logon.
2020-08-11T01:51:26: UCIsUpdaterEnabled : UpdaterIsEnabled.
2020-08-11T01:51:26: Updater has never been run on the machine.
2020-08-11T01:51:26: StartupUtility : Window is NOT Elapsed.
2020-08-11T01:51:26: <<< Adobe Updater Log End <<<


2020-08-12T00:33:42: >>> Adobe Updater Log Begin >>>
2020-08-12T00:33:42: Application Version: 6.0.0.67
2020-08-12T00:33:42: cmdline option: -logFile = C:\Users\Jay\AppData\Local\Adobe\AAMUpdater\1.0\aamul.log
2020-08-12T00:33:42: cmdline option: -logLevel = 2
2020-08-12T00:33:42: StartupUtility : Loaded at startup/logon.
2020-08-12T00:33:42: UCIsUpdaterEnabled : UpdaterIsEnabled.
2020-08-12T00:33:42: Updater has never been run on the machine.
2020-08-12T00:33:42: StartupUtility : Window is NOT Elapsed.
2020-08-12T00:33:42: <<< Adobe Updater Log End <<<


2020-08-13T00:19:45: >>> Adobe Updater Log Begin >>>
2020-08-13T00:19:45: Application Version: 6.0.0.67
2020-08-13T00:19:45: cmdline option: -logFile = C:\Users\Jay\AppData\Local\Adobe\AAMUpdater\1.0\aamul.log
2020-08-13T00:19:45: cmdline option: -logLevel = 2
2020-08-13T00:19:45: StartupUtility : Loaded at startup/logon.
2020-08-13T00:19:45: UCIsUpdaterEnabled : UpdaterIsEnabled.
2020-08-13T00:19:45: Updater has never been run on the machine.
2020-08-13T00:19:45: StartupUtility : Window is NOT Elapsed.
2020-08-13T00:19:45: <<< Adobe Updater Log End <<<


2020-08-14T00:52:24: >>> Adobe Updater Log Begin >>>
2020-08-14T00:52:24: Application Version: 6.0.0.67
2020-08-14T00:52:24: cmdline option: -logFile = C:\Users\Jay\AppData\Local\Adobe\AAMUpdater\1.0\aamul.log
2020-08-14T00:52:24: cmdline option: -logLevel = 2
2020-08-14T00:52:24: StartupUtility : Loaded at startup/logon.
2020-08-14T00:52:24: UCIsUpdaterEnabled : UpdaterIsEnabled.
2020-08-14T00:52:24: Updater has never been run on the machine.
2020-08-14T00:52:24: StartupUtility : Window is NOT Elapsed.
2020-08-14T00:52:24: <<< Adobe Updater Log End <<<


2020-08-15T01:22:37: >>> Adobe Updater Log Begin >>>
2020-08-15T01:22:37: Application Version: 6.0.0.67
2020-08-15T01:22:37: cmdline option: -logFile = C:\Users\Jay\AppData\Local\Adobe\AAMUpdater\1.0\aamul.log
2020-08-15T01:22:37: cmdline option: -logLevel = 2
2020-08-15T01:22:37: StartupUtility : Loaded at startup/logon.
2020-08-15T01:22:37: UCIsUpdaterEnabled : UpdaterIsEnabled.
2020-08-15T01:22:37: Updater has never been run on the machine.
2020-08-15T01:22:37: StartupUtility : Window is NOT Elapsed.
2020-08-15T01:22:37: <<< Adobe Updater Log End <<<


2020-08-17T01:25:09: >>> Adobe Updater Log Begin >>>
2020-08-17T01:25:09: Application Version: 6.0.0.67
2020-08-17T01:25:09: cmdline option: -logFile = C:\Users\Jay\AppData\Local\Adobe\AAMUpdater\1.0\aamul.log
2020-08-17T01:25:09: cmdline option: -logLevel = 2
2020-08-17T01:25:09: StartupUtility : Loaded at startup/logon.
2020-08-17T01:25:09: UCIsUpdaterEnabled : UpdaterIsEnabled.
2020-08-17T01:25:09: Updater has never been run on the machine.
2020-08-17T01:25:09: StartupUtility : Window is NOT Elapsed.
2020-08-17T01:25:09: <<< Adobe Updater Log End <<<


2020-08-18T00:22:37: >>> Adobe Updater Log Begin >>>
2020-08-18T00:22:37: Application Version: 6.0.0.67
2020-08-18T00:22:37: cmdline option: -logFile = C:\Users\Jay\AppData\Local\Adobe\AAMUpdater\1.0\aamul.log
2020-08-18T00:22:37: cmdline option: -logLevel = 2
2020-08-18T00:22:37: StartupUtility : Loaded at startup/logon.
2020-08-18T00:22:37: UCIsUpdaterEnabled : UpdaterIsEnabled.
2020-08-18T00:22:37: Updater has never been run on the machine.
2020-08-18T00:22:37: StartupUtility : Window is NOT Elapsed.
2020-08-18T00:22:37: <<< Adobe Updater Log End <<<


2020-08-20T00:43:39: >>> Adobe Updater Log Begin >>>
2020-08-20T00:43:39: Application Version: 6.0.0.67
2020-08-20T00:43:39: cmdline option: -logFile = C:\Users\Jay\AppData\Local\Adobe\AAMUpdater\1.0\aamul.log
2020-08-20T00:43:39: cmdline option: -logLevel = 2
2020-08-20T00:43:39: StartupUtility : Loaded at startup/logon.
2020-08-20T00:43:39: UCIsUpdaterEnabled : UpdaterIsEnabled.
2020-08-20T00:43:39: Updater has never been run on the machine.
2020-08-20T00:43:39: StartupUtility : Window is NOT Elapsed.
2020-08-20T00:43:39: <<< Adobe Updater Log End <<<


2020-08-21T02:16:17: >>> Adobe Updater Log Begin >>>
2020-08-21T02:16:17: Application Version: 6.0.0.67
2020-08-21T02:16:17: cmdline option: -logFile = C:\Users\Jay\AppData\Local\Adobe\AAMUpdater\1.0\aamul.log
2020-08-21T02:16:17: cmdline option: -logLevel = 2
2020-08-21T02:16:17: StartupUtility : Loaded at startup/logon.
2020-08-21T02:16:17: UCIsUpdaterEnabled : UpdaterIsEnabled.
2020-08-21T02:16:17: Updater has never been run on the machine.
2020-08-21T02:16:17: StartupUtility : Window is NOT Elapsed.
2020-08-21T02:16:17: <<< Adobe Updater Log End <<<


2020-08-22T00:33:05: >>> Adobe Updater Log Begin >>>
2020-08-22T00:33:05: Application Version: 6.0.0.67
2020-08-22T00:33:05: cmdline option: -logFile = C:\Users\Jay\AppData\Local\Adobe\AAMUpdater\1.0\aamul.log
2020-08-22T00:33:05: cmdline option: -logLevel = 2
2020-08-22T00:33:05: StartupUtility : Loaded at startup/logon.
2020-08-22T00:33:05: UCIsUpdaterEnabled : UpdaterIsEnabled.
2020-08-22T00:33:05: Updater has never been run on the machine.
2020-08-22T00:33:05: StartupUtility : Window is NOT Elapsed.
2020-08-22T00:33:05: <<< Adobe Updater Log End <<<


2020-08-23T03:17:39: >>> Adobe Updater Log Begin >>>
2020-08-23T03:17:39: Application Version: 6.0.0.67
2020-08-23T03:17:39: cmdline option: -logFile = C:\Users\Jay\AppData\Local\Adobe\AAMUpdater\1.0\aamul.log
2020-08-23T03:17:39: cmdline option: -logLevel = 2
2020-08-23T03:17:39: StartupUtility : Loaded at startup/logon.
2020-08-23T03:17:39: UCIsUpdaterEnabled : UpdaterIsEnabled.
2020-08-23T03:17:39: Updater has never been run on the machine.
2020-08-23T03:17:39: StartupUtility : Window is NOT Elapsed.
2020-08-23T03:17:39: <<< Adobe Updater Log End <<<


2020-08-24T00:43:48: >>> Adobe Updater Log Begin >>>
2020-08-24T00:43:48: Application Version: 6.0.0.67
2020-08-24T00:43:48: cmdline option: -logFile = C:\Users\Jay\AppData\Local\Adobe\AAMUpdater\1.0\aamul.log
2020-08-24T00:43:48: cmdline option: -logLevel = 2
2020-08-24T00:43:48: StartupUtility : Loaded at startup/logon.
2020-08-24T00:43:48: UCIsUpdaterEnabled : UpdaterIsEnabled.
2020-08-24T00:43:48: Updater has never been run on the machine.
2020-08-24T00:43:48: StartupUtility : Window is NOT Elapsed.
2020-08-24T00:43:48: <<< Adobe Updater Log End <<<


2020-08-25T00:44:51: >>> Adobe Updater Log Begin >>>
2020-08-25T00:44:51: Application Version: 6.0.0.67
2020-08-25T00:44:51: cmdline option: -logFile = C:\Users\Jay\AppData\Local\Adobe\AAMUpdater\1.0\aamul.log
2020-08-25T00:44:51: cmdline option: -logLevel = 2
2020-08-25T00:44:51: StartupUtility : Loaded at startup/logon.
2020-08-25T00:44:51: UCIsUpdaterEnabled : UpdaterIsEnabled.
2020-08-25T00:44:51: Updater has never been run on the machine.
2020-08-25T00:44:51: StartupUtility : Window is NOT Elapsed.
2020-08-25T00:44:51: <<< Adobe Updater Log End <<<


2020-08-26T00:32:56: >>> Adobe Updater Log Begin >>>
2020-08-26T00:32:56: Application Version: 6.0.0.67
2020-08-26T00:32:56: cmdline option: -logFile = C:\Users\Jay\AppData\Local\Adobe\AAMUpdater\1.0\aamul.log
2020-08-26T00:32:56: cmdline option: -logLevel = 2
2020-08-26T00:32:56: StartupUtility : Loaded at startup/logon.
2020-08-26T00:32:56: UCIsUpdaterEnabled : UpdaterIsEnabled.
2020-08-26T00:32:56: Updater has never been run on the machine.
2020-08-26T00:32:56: StartupUtility : Window is NOT Elapsed.
2020-08-26T00:32:56: <<< Adobe Updater Log End <<<


2020-08-27T00:47:51: >>> Adobe Updater Log Begin >>>
2020-08-27T00:47:51: Application Version: 6.0.0.67
2020-08-27T00:47:51: cmdline option: -logFile = C:\Users\Jay\AppData\Local\Adobe\AAMUpdater\1.0\aamul.log
2020-08-27T00:47:51: cmdline option: -logLevel = 2
2020-08-27T00:47:51: StartupUtility : Loaded at startup/logon.
2020-08-27T00:47:51: UCIsUpdaterEnabled : UpdaterIsEnabled.
2020-08-27T00:47:51: Updater has never been run on the machine.
2020-08-27T00:47:51: StartupUtility : Window is NOT Elapsed.
2020-08-27T00:47:51: <<< Adobe Updater Log End <<<


2020-08-28T00:53:15: >>> Adobe Updater Log Begin >>>
2020-08-28T00:53:15: Application Version: 6.0.0.67
2020-08-28T00:53:15: cmdline option: -logFile = C:\Users\Jay\AppData\Local\Adobe\AAMUpdater\1.0\aamul.log
2020-08-28T00:53:15: cmdline option: -logLevel = 2
2020-08-28T00:53:15: StartupUtility : Loaded at startup/logon.
2020-08-28T00:53:15: UCIsUpdaterEnabled : UpdaterIsEnabled.
2020-08-28T00:53:15: Updater has never been run on the machine.
2020-08-28T00:53:15: StartupUtility : Window is NOT Elapsed.
2020-08-28T00:53:15: <<< Adobe Updater Log End <<<


2020-08-29T11:28:41: >>> Adobe Updater Log Begin >>>
2020-08-29T11:28:41: Application Version: 6.0.0.67
2020-08-29T11:28:41: cmdline option: -logFile = C:\Users\Jay\AppData\Local\Adobe\AAMUpdater\1.0\aamul.log
2020-08-29T11:28:41: cmdline option: -logLevel = 2
2020-08-29T11:28:41: StartupUtility : Loaded at startup/logon.
2020-08-29T11:28:41: UCIsUpdaterEnabled : UpdaterIsEnabled.
2020-08-29T11:28:41: Updater has never been run on the machine.
2020-08-29T11:28:41: StartupUtility : Window is NOT Elapsed.
2020-08-29T11:28:41: <<< Adobe Updater Log End <<<


2020-08-30T04:48:59: >>> Adobe Updater Log Begin >>>
2020-08-30T04:48:59: Application Version: 6.0.0.67
2020-08-30T04:48:59: cmdline option: -logFile = C:\Users\Jay\AppData\Local\Adobe\AAMUpdater\1.0\aamul.log
2020-08-30T04:48:59: cmdline option: -logLevel = 2
2020-08-30T04:48:59: StartupUtility : Loaded at startup/logon.
2020-08-30T04:48:59: UCIsUpdaterEnabled : UpdaterIsEnabled.
2020-08-30T04:48:59: Updater has never been run on the machine.
2020-08-30T04:48:59: StartupUtility : Window is NOT Elapsed.
2020-08-30T04:48:59: <<< Adobe Updater Log End <<<


2020-08-31T03:36:36: >>> Adobe Updater Log Begin >>>
2020-08-31T03:36:36: Application Version: 6.0.0.67
2020-08-31T03:36:36: cmdline option: -logFile = C:\Users\Jay\AppData\Local\Adobe\AAMUpdater\1.0\aamul.log
2020-08-31T03:36:36: cmdline option: -logLevel = 2
2020-08-31T03:36:36: StartupUtility : Loaded at startup/logon.
2020-08-31T03:36:36: UCIsUpdaterEnabled : UpdaterIsEnabled.
2020-08-31T03:36:36: Updater has never been run on the machine.
2020-08-31T03:36:36: StartupUtility : Window is NOT Elapsed.
2020-08-31T03:36:36: <<< Adobe Updater Log End <<<


2020-09-01T00:33:33: >>> Adobe Updater Log Begin >>>
2020-09-01T00:33:33: Application Version: 6.0.0.67
2020-09-01T00:33:34: cmdline option: -logFile = C:\Users\Jay\AppData\Local\Adobe\AAMUpdater\1.0\aamul.log
2020-09-01T00:33:34: cmdline option: -logLevel = 2
2020-09-01T00:33:34: StartupUtility : Loaded at startup/logon.
2020-09-01T00:33:34: UCIsUpdaterEnabled : UpdaterIsEnabled.
2020-09-01T00:33:34: Updater has never been run on the machine.
2020-09-01T00:33:34: StartupUtility : Window is NOT Elapsed.
2020-09-01T00:33:34: <<< Adobe Updater Log End <<<


2020-09-02T00:51:48: >>> Adobe Updater Log Begin >>>
2020-09-02T00:51:48: Application Version: 6.0.0.67
2020-09-02T00:51:49: cmdline option: -logFile = C:\Users\Jay\AppData\Local\Adobe\AAMUpdater\1.0\aamul.log
2020-09-02T00:51:49: cmdline option: -logLevel = 2
2020-09-02T00:51:49: StartupUtility : Loaded at startup/logon.
2020-09-02T00:51:49: UCIsUpdaterEnabled : UpdaterIsEnabled.
2020-09-02T00:51:49: Updater has never been run on the machine.
2020-09-02T00:51:49: StartupUtility : Window is NOT Elapsed.
2020-09-02T00:51:49: <<< Adobe Updater Log End <<<


2020-09-03T03:29:31: >>> Adobe Updater Log Begin >>>
2020-09-03T03:29:31: Application Version: 6.0.0.67
2020-09-03T03:29:31: cmdline option: -logFile = C:\Users\Jay\AppData\Local\Adobe\AAMUpdater\1.0\aamul.log
2020-09-03T03:29:31: cmdline option: -logLevel = 2
2020-09-03T03:29:31: StartupUtility : Loaded at startup/logon.
2020-09-03T03:29:31: UCIsUpdaterEnabled : UpdaterIsEnabled.
2020-09-03T03:29:31: Updater has never been run on the machine.
2020-09-03T03:29:31: StartupUtility : Window is NOT Elapsed.
2020-09-03T03:29:31: <<< Adobe Updater Log End <<<


2020-09-05T03:01:23: >>> Adobe Updater Log Begin >>>
2020-09-05T03:01:23: Application Version: 6.0.0.67
2020-09-05T03:01:23: cmdline option: -logFile = C:\Users\Jay\AppData\Local\Adobe\AAMUpdater\1.0\aamul.log
2020-09-05T03:01:23: cmdline option: -logLevel = 2
2020-09-05T03:01:23: StartupUtility : Loaded at startup/logon.
2020-09-05T03:01:23: UCIsUpdaterEnabled : UpdaterIsEnabled.
2020-09-05T03:01:23: Updater has never been run on the machine.
2020-09-05T03:01:23: StartupUtility : Window is NOT Elapsed.
2020-09-05T03:01:23: <<< Adobe Updater Log End <<<


2020-09-07T02:34:38: >>> Adobe Updater Log Begin >>>
2020-09-07T02:34:38: Application Version: 6.0.0.67
2020-09-07T02:34:38: cmdline option: -logFile = C:\Users\Jay\AppData\Local\Adobe\AAMUpdater\1.0\aamul.log
2020-09-07T02:34:38: cmdline option: -logLevel = 2
2020-09-07T02:34:38: StartupUtility : Loaded at startup/logon.
2020-09-07T02:34:38: UCIsUpdaterEnabled : UpdaterIsEnabled.
2020-09-07T02:34:38: Updater has never been run on the machine.
2020-09-07T02:34:38: StartupUtility : Window is NOT Elapsed.
2020-09-07T02:34:38: <<< Adobe Updater Log End <<<


2020-09-08T03:29:19: >>> Adobe Updater Log Begin >>>
2020-09-08T03:29:19: Application Version: 6.0.0.67
2020-09-08T03:29:19: cmdline option: -logFile = C:\Users\Jay\AppData\Local\Adobe\AAMUpdater\1.0\aamul.log
2020-09-08T03:29:19: cmdline option: -logLevel = 2
2020-09-08T03:29:19: StartupUtility : Loaded at startup/logon.
2020-09-08T03:29:19: UCIsUpdaterEnabled : UpdaterIsEnabled.
2020-09-08T03:29:19: Updater has never been run on the machine.
2020-09-08T03:29:19: StartupUtility : Window is NOT Elapsed.
2020-09-08T03:29:19: <<< Adobe Updater Log End <<<


2020-09-09T03:57:58: >>> Adobe Updater Log Begin >>>
2020-09-09T03:57:58: Application Version: 6.0.0.67
2020-09-09T03:57:58: cmdline option: -logFile = C:\Users\Jay\AppData\Local\Adobe\AAMUpdater\1.0\aamul.log
2020-09-09T03:57:58: cmdline option: -logLevel = 2
2020-09-09T03:57:58: StartupUtility : Loaded at startup/logon.
2020-09-09T03:57:58: UCIsUpdaterEnabled : UpdaterIsEnabled.
2020-09-09T03:57:58: Updater has never been run on the machine.
2020-09-09T03:57:58: StartupUtility : Window is NOT Elapsed.
2020-09-09T03:57:58: <<< Adobe Updater Log End <<<


2020-09-10T04:38:46: >>> Adobe Updater Log Begin >>>
2020-09-10T04:38:46: Application Version: 6.0.0.67
2020-09-10T04:38:46: cmdline option: -logFile = C:\Users\Jay\AppData\Local\Adobe\AAMUpdater\1.0\aamul.log
2020-09-10T04:38:46: cmdline option: -logLevel = 2
2020-09-10T04:38:46: StartupUtility : Loaded at startup/logon.
2020-09-10T04:38:46: UCIsUpdaterEnabled : UpdaterIsEnabled.
2020-09-10T04:38:46: Updater has never been run on the machine.
2020-09-10T04:38:46: StartupUtility : Window is NOT Elapsed.
2020-09-10T04:38:46: <<< Adobe Updater Log End <<<


2020-09-11T02:20:41: >>> Adobe Updater Log Begin >>>
2020-09-11T02:20:41: Application Version: 6.0.0.67
2020-09-11T02:20:42: cmdline option: -logFile = C:\Users\Jay\AppData\Local\Adobe\AAMUpdater\1.0\aamul.log
2020-09-11T02:20:42: cmdline option: -logLevel = 2
2020-09-11T02:20:42: StartupUtility : Loaded at startup/logon.
2020-09-11T02:20:42: UCIsUpdaterEnabled : UpdaterIsEnabled.
2020-09-11T02:20:42: Updater has never been run on the machine.
2020-09-11T02:20:42: StartupUtility : Window is NOT Elapsed.
2020-09-11T02:20:42: <<< Adobe Updater Log End <<<


2020-09-12T03:44:42: >>> Adobe Updater Log Begin >>>
2020-09-12T03:44:42: Application Version: 6.0.0.67
2020-09-12T03:44:42: cmdline option: -logFile = C:\Users\Jay\AppData\Local\Adobe\AAMUpdater\1.0\aamul.log
2020-09-12T03:44:42: cmdline option: -logLevel = 2
2020-09-12T03:44:42: StartupUtility : Loaded at startup/logon.
2020-09-12T03:44:42: UCIsUpdaterEnabled : UpdaterIsEnabled.
2020-09-12T03:44:42: Updater has never been run on the machine.
2020-09-12T03:44:42: StartupUtility : Window is NOT Elapsed.
2020-09-12T03:44:42: <<< Adobe Updater Log End <<<


2020-09-13T02:38:26: >>> Adobe Updater Log Begin >>>
2020-09-13T02:38:26: Application Version: 6.0.0.67
2020-09-13T02:38:26: cmdline option: -logFile = C:\Users\Jay\AppData\Local\Adobe\AAMUpdater\1.0\aamul.log
2020-09-13T02:38:26: cmdline option: -logLevel = 2
2020-09-13T02:38:26: StartupUtility : Loaded at startup/logon.
2020-09-13T02:38:26: UCIsUpdaterEnabled : UpdaterIsEnabled.
2020-09-13T02:38:26: Updater has never been run on the machine.
2020-09-13T02:38:26: StartupUtility : Window is NOT Elapsed.
2020-09-13T02:38:26: <<< Adobe Updater Log End <<<


2020-09-14T01:53:54: >>> Adobe Updater Log Begin >>>
2020-09-14T01:53:54: Application Version: 6.0.0.67
2020-09-14T01:53:54: cmdline option: -logFile = C:\Users\Jay\AppData\Local\Adobe\AAMUpdater\1.0\aamul.log
2020-09-14T01:53:54: cmdline option: -logLevel = 2
2020-09-14T01:53:54: StartupUtility : Loaded at startup/logon.
2020-09-14T01:53:54: UCIsUpdaterEnabled : UpdaterIsEnabled.
2020-09-14T01:53:54: Updater has never been run on the machine.
2020-09-14T01:53:54: StartupUtility : Window is NOT Elapsed.
2020-09-14T01:53:54: <<< Adobe Updater Log End <<<


2020-09-15T03:37:55: >>> Adobe Updater Log Begin >>>
2020-09-15T03:37:55: Application Version: 6.0.0.67
2020-09-15T03:37:55: cmdline option: -logFile = C:\Users\Jay\AppData\Local\Adobe\AAMUpdater\1.0\aamul.log
2020-09-15T03:37:55: cmdline option: -logLevel = 2
2020-09-15T03:37:55: StartupUtility : Loaded at startup/logon.
2020-09-15T03:37:55: UCIsUpdaterEnabled : UpdaterIsEnabled.
2020-09-15T03:37:55: Updater has never been run on the machine.
2020-09-15T03:37:55: StartupUtility : Window is NOT Elapsed.
2020-09-15T03:37:55: <<< Adobe Updater Log End <<<


2020-09-16T02:48:19: >>> Adobe Updater Log Begin >>>
2020-09-16T02:48:19: Application Version: 6.0.0.67
2020-09-16T02:48:20: cmdline option: -logFile = C:\Users\Jay\AppData\Local\Adobe\AAMUpdater\1.0\aamul.log
2020-09-16T02:48:20: cmdline option: -logLevel = 2
2020-09-16T02:48:20: StartupUtility : Loaded at startup/logon.
2020-09-16T02:48:20: UCIsUpdaterEnabled : UpdaterIsEnabled.
2020-09-16T02:48:20: Updater has never been run on the machine.
2020-09-16T02:48:20: StartupUtility : Window is NOT Elapsed.
2020-09-16T02:48:20: <<< Adobe Updater Log End <<<


2020-09-17T04:29:37: >>> Adobe Updater Log Begin >>>
2020-09-17T04:29:37: Application Version: 6.0.0.67
2020-09-17T04:29:37: cmdline option: -logFile = C:\Users\Jay\AppData\Local\Adobe\AAMUpdater\1.0\aamul.log
2020-09-17T04:29:37: cmdline option: -logLevel = 2
2020-09-17T04:29:37: StartupUtility : Loaded at startup/logon.
2020-09-17T04:29:37: UCIsUpdaterEnabled : UpdaterIsEnabled.
2020-09-17T04:29:37: Updater has never been run on the machine.
2020-09-17T04:29:37: StartupUtility : Window is NOT Elapsed.
2020-09-17T04:29:37: <<< Adobe Updater Log End <<<


2020-09-18T04:13:41: >>> Adobe Updater Log Begin >>>
2020-09-18T04:13:41: Application Version: 6.0.0.67
2020-09-18T04:13:42: cmdline option: -logFile = C:\Users\Jay\AppData\Local\Adobe\AAMUpdater\1.0\aamul.log
2020-09-18T04:13:42: cmdline option: -logLevel = 2
2020-09-18T04:13:42: StartupUtility : Loaded at startup/logon.
2020-09-18T04:13:42: UCIsUpdaterEnabled : UpdaterIsEnabled.
2020-09-18T04:13:42: Updater has never been run on the machine.
2020-09-18T04:13:42: StartupUtility : Window is NOT Elapsed.
2020-09-18T04:13:42: <<< Adobe Updater Log End <<<


2020-09-19T04:37:43: >>> Adobe Updater Log Begin >>>
2020-09-19T04:37:43: Application Version: 6.0.0.67
2020-09-19T04:37:43: cmdline option: -logFile = C:\Users\Jay\AppData\Local\Adobe\AAMUpdater\1.0\aamul.log
2020-09-19T04:37:43: cmdline option: -logLevel = 2
2020-09-19T04:37:43: StartupUtility : Loaded at startup/logon.
2020-09-19T04:37:43: UCIsUpdaterEnabled : UpdaterIsEnabled.
2020-09-19T04:37:43: Updater has never been run on the machine.
2020-09-19T04:37:43: StartupUtility : Window is NOT Elapsed.
2020-09-19T04:37:43: <<< Adobe Updater Log End <<<


2020-09-20T05:01:43: >>> Adobe Updater Log Begin >>>
2020-09-20T05:01:43: Application Version: 6.0.0.67
2020-09-20T05:01:43: cmdline option: -logFile = C:\Users\Jay\AppData\Local\Adobe\AAMUpdater\1.0\aamul.log
2020-09-20T05:01:43: cmdline option: -logLevel = 2
2020-09-20T05:01:43: StartupUtility : Loaded at startup/logon.
2020-09-20T05:01:43: UCIsUpdaterEnabled : UpdaterIsEnabled.
2020-09-20T05:01:43: Updater has never been run on the machine.
2020-09-20T05:01:43: StartupUtility : Window is NOT Elapsed.
2020-09-20T05:01:43: <<< Adobe Updater Log End <<<


2020-09-21T03:51:07: >>> Adobe Updater Log Begin >>>
2020-09-21T03:51:07: Application Version: 6.0.0.67
2020-09-21T03:51:07: cmdline option: -logFile = C:\Users\Jay\AppData\Local\Adobe\AAMUpdater\1.0\aamul.log
2020-09-21T03:51:07: cmdline option: -logLevel = 2
2020-09-21T03:51:07: StartupUtility : Loaded at startup/logon.
2020-09-21T03:51:08: UCIsUpdaterEnabled : UpdaterIsEnabled.
2020-09-21T03:51:08: Updater has never been run on the machine.
2020-09-21T03:51:08: StartupUtility : Window is NOT Elapsed.
2020-09-21T03:51:08: <<< Adobe Updater Log End <<<


2020-09-22T04:08:17: >>> Adobe Updater Log Begin >>>
2020-09-22T04:08:17: Application Version: 6.0.0.67
2020-09-22T04:08:17: cmdline option: -logFile = C:\Users\Jay\AppData\Local\Adobe\AAMUpdater\1.0\aamul.log
2020-09-22T04:08:17: cmdline option: -logLevel = 2
2020-09-22T04:08:17: StartupUtility : Loaded at startup/logon.
2020-09-22T04:08:17: UCIsUpdaterEnabled : UpdaterIsEnabled.
2020-09-22T04:08:17: Updater has never been run on the machine.
2020-09-22T04:08:17: StartupUtility : Window is NOT Elapsed.
2020-09-22T04:08:17: <<< Adobe Updater Log End <<<


2020-09-23T02:58:27: >>> Adobe Updater Log Begin >>>
2020-09-23T02:58:27: Application Version: 6.0.0.67
2020-09-23T02:58:27: cmdline option: -logFile = C:\Users\Jay\AppData\Local\Adobe\AAMUpdater\1.0\aamul.log
2020-09-23T02:58:27: cmdline option: -logLevel = 2
2020-09-23T02:58:27: StartupUtility : Loaded at startup/logon.
2020-09-23T02:58:27: UCIsUpdaterEnabled : UpdaterIsEnabled.
2020-09-23T02:58:27: Updater has never been run on the machine.
2020-09-23T02:58:27: StartupUtility : Window is NOT Elapsed.
2020-09-23T02:58:27: <<< Adobe Updater Log End <<<


2020-09-24T02:48:23: >>> Adobe Updater Log Begin >>>
2020-09-24T02:48:23: Application Version: 6.0.0.67
2020-09-24T02:48:23: cmdline option: -logFile = C:\Users\Jay\AppData\Local\Adobe\AAMUpdater\1.0\aamul.log
2020-09-24T02:48:23: cmdline option: -logLevel = 2
2020-09-24T02:48:23: StartupUtility : Loaded at startup/logon.
2020-09-24T02:48:23: UCIsUpdaterEnabled : UpdaterIsEnabled.
2020-09-24T02:48:23: Updater has never been run on the machine.
2020-09-24T02:48:23: StartupUtility : Window is NOT Elapsed.
2020-09-24T02:48:23: <<< Adobe Updater Log End <<<


2020-09-25T05:24:01: >>> Adobe Updater Log Begin >>>
2020-09-25T05:24:01: Application Version: 6.0.0.67
2020-09-25T05:24:01: cmdline option: -logFile = C:\Users\Jay\AppData\Local\Adobe\AAMUpdater\1.0\aamul.log
2020-09-25T05:24:01: cmdline option: -logLevel = 2
2020-09-25T05:24:01: StartupUtility : Loaded at startup/logon.
2020-09-25T05:24:01: UCIsUpdaterEnabled : UpdaterIsEnabled.
2020-09-25T05:24:01: Updater has never been run on the machine.
2020-09-25T05:24:01: StartupUtility : Window is NOT Elapsed.
2020-09-25T05:24:01: <<< Adobe Updater Log End <<<


2020-09-26T05:13:33: >>> Adobe Updater Log Begin >>>
2020-09-26T05:13:33: Application Version: 6.0.0.67
2020-09-26T05:13:33: cmdline option: -logFile = C:\Users\Jay\AppData\Local\Adobe\AAMUpdater\1.0\aamul.log
2020-09-26T05:13:33: cmdline option: -logLevel = 2
2020-09-26T05:13:33: StartupUtility : Loaded at startup/logon.
2020-09-26T05:13:33: UCIsUpdaterEnabled : UpdaterIsEnabled.
2020-09-26T05:13:33: Updater has never been run on the machine.
2020-09-26T05:13:33: StartupUtility : Window is NOT Elapsed.
2020-09-26T05:13:33: <<< Adobe Updater Log End <<<


2020-09-27T06:00:33: >>> Adobe Updater Log Begin >>>
2020-09-27T06:00:33: Application Version: 6.0.0.67
2020-09-27T06:00:33: cmdline option: -logFile = C:\Users\Jay\AppData\Local\Adobe\AAMUpdater\1.0\aamul.log
2020-09-27T06:00:33: cmdline option: -logLevel = 2
2020-09-27T06:00:33: StartupUtility : Loaded at startup/logon.
2020-09-27T06:00:33: UCIsUpdaterEnabled : UpdaterIsEnabled.
2020-09-27T06:00:33: Updater has never been run on the machine.
2020-09-27T06:00:33: StartupUtility : Window is NOT Elapsed.
2020-09-27T06:00:33: <<< Adobe Updater Log End <<<


2020-09-28T04:26:55: >>> Adobe Updater Log Begin >>>
2020-09-28T04:26:55: Application Version: 6.0.0.67
2020-09-28T04:26:55: cmdline option: -logFile = C:\Users\Jay\AppData\Local\Adobe\AAMUpdater\1.0\aamul.log
2020-09-28T04:26:55: cmdline option: -logLevel = 2
2020-09-28T04:26:55: StartupUtility : Loaded at startup/logon.
2020-09-28T04:26:55: UCIsUpdaterEnabled : UpdaterIsEnabled.
2020-09-28T04:26:55: Updater has never been run on the machine.
2020-09-28T04:26:55: StartupUtility : Window is NOT Elapsed.
2020-09-28T04:26:55: <<< Adobe Updater Log End <<<


2020-09-29T04:54:02: >>> Adobe Updater Log Begin >>>
2020-09-29T04:54:02: Application Version: 6.0.0.67
2020-09-29T04:54:02: cmdline option: -logFile = C:\Users\Jay\AppData\Local\Adobe\AAMUpdater\1.0\aamul.log
2020-09-29T04:54:02: cmdline option: -logLevel = 2
2020-09-29T04:54:02: StartupUtility : Loaded at startup/logon.
2020-09-29T04:54:02: UCIsUpdaterEnabled : UpdaterIsEnabled.
2020-09-29T04:54:02: Updater has never been run on the machine.
2020-09-29T04:54:02: StartupUtility : Window is NOT Elapsed.
2020-09-29T04:54:02: <<< Adobe Updater Log End <<<


2020-09-30T03:28:07: >>> Adobe Updater Log Begin >>>
2020-09-30T03:28:07: Application Version: 6.0.0.67
2020-09-30T03:28:07: cmdline option: -logFile = C:\Users\Jay\AppData\Local\Adobe\AAMUpdater\1.0\aamul.log
2020-09-30T03:28:07: cmdline option: -logLevel = 2
2020-09-30T03:28:07: StartupUtility : Loaded at startup/logon.
2020-09-30T03:28:07: UCIsUpdaterEnabled : UpdaterIsEnabled.
2020-09-30T03:28:07: Updater has never been run on the machine.
2020-09-30T03:28:07: StartupUtility : Window is NOT Elapsed.
2020-09-30T03:28:07: <<< Adobe Updater Log End <<<


2020-10-01T02:29:09: >>> Adobe Updater Log Begin >>>
2020-10-01T02:29:09: Application Version: 6.0.0.67
2020-10-01T02:29:10: cmdline option: -logFile = C:\Users\Jay\AppData\Local\Adobe\AAMUpdater\1.0\aamul.log
2020-10-01T02:29:10: cmdline option: -logLevel = 2
2020-10-01T02:29:10: StartupUtility : Loaded at startup/logon.
2020-10-01T02:29:10: UCIsUpdaterEnabled : UpdaterIsEnabled.
2020-10-01T02:29:10: Updater has never been run on the machine.
2020-10-01T02:29:10: StartupUtility : Window is NOT Elapsed.
2020-10-01T02:29:10: <<< Adobe Updater Log End <<<


2020-10-01T18:17:48: >>> Adobe Updater Log Begin >>>
2020-10-01T18:17:48: Application Version: 6.0.0.67
2020-10-01T18:17:48: cmdline option: -logFile = C:\Users\Jay\AppData\Local\Adobe\AAMUpdater\1.0\aamul.log
2020-10-01T18:17:48: cmdline option: -logLevel = 2
2020-10-01T18:17:48: StartupUtility : Loaded at startup/logon.
2020-10-01T18:17:48: UCIsUpdaterEnabled : UpdaterIsEnabled.
2020-10-01T18:17:48: Updater has never been run on the machine.
2020-10-01T18:17:48: StartupUtility : Window is NOT Elapsed.
2020-10-01T18:17:48: <<< Adobe Updater Log End <<<


2020-10-02T03:57:55: >>> Adobe Updater Log Begin >>>
2020-10-02T03:57:55: Application Version: 6.0.0.67
2020-10-02T03:57:55: cmdline option: -logFile = C:\Users\Jay\AppData\Local\Adobe\AAMUpdater\1.0\aamul.log
2020-10-02T03:57:55: cmdline option: -logLevel = 2
2020-10-02T03:57:55: StartupUtility : Loaded at startup/logon.
2020-10-02T03:57:55: UCIsUpdaterEnabled : UpdaterIsEnabled.
2020-10-02T03:57:55: Updater has never been run on the machine.
2020-10-02T03:57:55: StartupUtility : Window is NOT Elapsed.
2020-10-02T03:57:55: <<< Adobe Updater Log End <<<


2020-10-02T15:22:18: >>> Adobe Updater Log Begin >>>
2020-10-02T15:22:18: Application Version: 6.0.0.67
2020-10-02T15:22:18: cmdline option: -logFile = C:\Users\Jay\AppData\Local\Adobe\AAMUpdater\1.0\aamul.log
2020-10-02T15:22:18: cmdline option: -logLevel = 2
2020-10-02T15:22:18: StartupUtility : Loaded at startup/logon.
2020-10-02T15:22:18: UCIsUpdaterEnabled : UpdaterIsEnabled.
2020-10-02T15:22:18: Updater has never been run on the machine.
2020-10-02T15:22:18: StartupUtility : Window is NOT Elapsed.
2020-10-02T15:22:18: <<< Adobe Updater Log End <<<


2020-10-03T04:11:50: >>> Adobe Updater Log Begin >>>
2020-10-03T04:11:50: Application Version: 6.0.0.67
2020-10-03T04:11:51: cmdline option: -logFile = C:\Users\Jay\AppData\Local\Adobe\AAMUpdater\1.0\aamul.log
2020-10-03T04:11:51: cmdline option: -logLevel = 2
2020-10-03T04:11:51: StartupUtility : Loaded at startup/logon.
2020-10-03T04:11:51: UCIsUpdaterEnabled : UpdaterIsEnabled.
2020-10-03T04:11:51: Updater has never been run on the machine.
2020-10-03T04:11:51: StartupUtility : Window is NOT Elapsed.
2020-10-03T04:11:51: <<< Adobe Updater Log End <<<


2020-10-04T03:04:34: >>> Adobe Updater Log Begin >>>
2020-10-04T03:04:34: Application Version: 6.0.0.67
2020-10-04T03:04:34: cmdline option: -logFile = C:\Users\Jay\AppData\Local\Adobe\AAMUpdater\1.0\aamul.log
2020-10-04T03:04:34: cmdline option: -logLevel = 2
2020-10-04T03:04:34: StartupUtility : Loaded at startup/logon.
2020-10-04T03:04:34: UCIsUpdaterEnabled : UpdaterIsEnabled.
2020-10-04T03:04:34: Updater has never been run on the machine.
2020-10-04T03:04:34: StartupUtility : Window is NOT Elapsed.
2020-10-04T03:04:34: <<< Adobe Updater Log End <<<


2020-10-05T04:10:09: >>> Adobe Updater Log Begin >>>
2020-10-05T04:10:09: Application Version: 6.0.0.67
2020-10-05T04:10:09: cmdline option: -logFile = C:\Users\Jay\AppData\Local\Adobe\AAMUpdater\1.0\aamul.log
2020-10-05T04:10:09: cmdline option: -logLevel = 2
2020-10-05T04:10:09: StartupUtility : Loaded at startup/logon.
2020-10-05T04:10:09: UCIsUpdaterEnabled : UpdaterIsEnabled.
2020-10-05T04:10:09: Updater has never been run on the machine.
2020-10-05T04:10:09: StartupUtility : Window is NOT Elapsed.
2020-10-05T04:10:09: <<< Adobe Updater Log End <<<


2020-10-06T01:16:31: >>> Adobe Updater Log Begin >>>
2020-10-06T01:16:31: Application Version: 6.0.0.67
2020-10-06T01:16:31: cmdline option: -logFile = C:\Users\Jay\AppData\Local\Adobe\AAMUpdater\1.0\aamul.log
2020-10-06T01:16:31: cmdline option: -logLevel = 2
2020-10-06T01:16:31: StartupUtility : Loaded at startup/logon.
2020-10-06T01:16:31: UCIsUpdaterEnabled : UpdaterIsEnabled.
2020-10-06T01:16:31: Updater has never been run on the machine.
2020-10-06T01:16:31: StartupUtility : Window is NOT Elapsed.
2020-10-06T01:16:31: <<< Adobe Updater Log End <<<


2020-10-07T00:19:04: >>> Adobe Updater Log Begin >>>
2020-10-07T00:19:04: Application Version: 6.0.0.67
2020-10-07T00:19:04: cmdline option: -logFile = C:\Users\Jay\AppData\Local\Adobe\AAMUpdater\1.0\aamul.log
2020-10-07T00:19:04: cmdline option: -logLevel = 2
2020-10-07T00:19:04: StartupUtility : Loaded at startup/logon.
2020-10-07T00:19:04: UCIsUpdaterEnabled : UpdaterIsEnabled.
2020-10-07T00:19:04: Updater has never been run on the machine.
2020-10-07T00:19:04: StartupUtility : Window is NOT Elapsed.
2020-10-07T00:19:04: <<< Adobe Updater Log End <<<


2020-10-08T02:54:50: >>> Adobe Updater Log Begin >>>
2020-10-08T02:54:50: Application Version: 6.0.0.67
2020-10-08T02:54:50: cmdline option: -logFile = C:\Users\Jay\AppData\Local\Adobe\AAMUpdater\1.0\aamul.log
2020-10-08T02:54:50: cmdline option: -logLevel = 2
2020-10-08T02:54:50: StartupUtility : Loaded at startup/logon.
2020-10-08T02:54:50: UCIsUpdaterEnabled : UpdaterIsEnabled.
2020-10-08T02:54:50: Updater has never been run on the machine.
2020-10-08T02:54:50: StartupUtility : Window is NOT Elapsed.
2020-10-08T02:54:50: <<< Adobe Updater Log End <<<


